#
# There is insufficient memory for the Java Runtime Environment to continue.
# Native memory allocation (malloc) failed to allocate 88912 bytes for Chunk::new
# Possible reasons:
#   The system is out of physical RAM or swap space
#   In 32 bit mode, the process size limit was hit
# Possible solutions:
#   Reduce memory load on the system
#   Increase physical memory or swap space
#   Check if swap backing store is full
#   Use 64 bit Java on a 64 bit OS
#   Decrease Java heap size (-Xmx/-Xms)
#   Decrease number of Java threads
#   Decrease Java thread stack sizes (-Xss)
#   Set larger code cache with -XX:ReservedCodeCacheSize=
# This output file may be truncated or incomplete.
#
#  Out of Memory Error (allocation.cpp:390), pid=5800, tid=0x0000000000002eb0
#
# JRE version: Java(TM) SE Runtime Environment (8.0_171-b11) (build 1.8.0_171-b11)
# Java VM: Java HotSpot(TM) 64-Bit Server VM (25.171-b11 mixed mode windows-amd64 compressed oops)
# Failed to write core dump. Minidumps are not enabled by default on client versions of Windows
#

---------------  T H R E A D  ---------------

Current thread (0x0000000017e78000):  JavaThread "C2 CompilerThread1" daemon [_thread_in_native, id=11952, stack(0x0000000019910000,0x0000000019a10000)]

Stack: [0x0000000019910000,0x0000000019a10000]
[error occurred during error reporting (printing stack bounds), id 0xc0000005]

Native frames: (J=compiled Java code, j=interpreted, Vv=VM code, C=native code)


Current CompileTask:
C2:   5217 2995       4       com.st.microxplorer.mcu.PinoutRecombination::getSignalsOrdering (604 bytes)


---------------  P R O C E S S  ---------------

Java Threads: ( => current thread )
  0x000000002251f800 JavaThread "TimerQueue" daemon [_thread_blocked, id=10992, stack(0x0000000023f00000,0x0000000024000000)]
  0x0000000021e04000 JavaThread "Image Fetcher 0" daemon [_thread_blocked, id=396, stack(0x0000000022f00000,0x0000000023000000)]
  0x00000000014ae000 JavaThread "DestroyJavaVM" [_thread_blocked, id=10764, stack(0x00000000030c0000,0x00000000031c0000)]
  0x000000001a1d2000 JavaThread "AWT-EventQueue-0" [_thread_in_native, id=8160, stack(0x000000001ac40000,0x000000001ad40000)]
  0x000000001a1c8800 JavaThread "AWT-Windows" daemon [_thread_in_native, id=11972, stack(0x000000001a9c0000,0x000000001aac0000)]
  0x000000001a1c4000 JavaThread "AWT-Shutdown" [_thread_blocked, id=8052, stack(0x000000001a8c0000,0x000000001a9c0000)]
  0x000000001a1c3800 JavaThread "Java2D Disposer" daemon [_thread_blocked, id=11356, stack(0x000000001a7c0000,0x000000001a8c0000)]
  0x0000000017eae800 JavaThread "Service Thread" daemon [_thread_blocked, id=8376, stack(0x0000000019b10000,0x0000000019c10000)]
  0x0000000017e7b800 JavaThread "C1 CompilerThread2" daemon [_thread_blocked, id=9380, stack(0x0000000019a10000,0x0000000019b10000)]
=>0x0000000017e78000 JavaThread "C2 CompilerThread1" daemon [_thread_in_native, id=11952, stack(0x0000000019910000,0x0000000019a10000)]
  0x0000000017e68000 JavaThread "C2 CompilerThread0" daemon [_thread_blocked, id=4240, stack(0x0000000019810000,0x0000000019910000)]
  0x0000000019252800 JavaThread "Attach Listener" daemon [_thread_blocked, id=7432, stack(0x0000000019710000,0x0000000019810000)]
  0x0000000017e48800 JavaThread "Signal Dispatcher" daemon [_thread_blocked, id=9924, stack(0x0000000019610000,0x0000000019710000)]
  0x0000000017e3a800 JavaThread "Finalizer" daemon [_thread_blocked, id=9812, stack(0x00000000190b0000,0x00000000191b0000)]
  0x00000000032b0800 JavaThread "Reference Handler" daemon [_thread_blocked, id=3920, stack(0x0000000018fb0000,0x00000000190b0000)]

Other Threads:
  0x0000000017e18000 VMThread [stack: 0x0000000018eb0000,0x0000000018fb0000] [id=10464]
  0x00000000192dc800 WatcherThread [stack: 0x0000000019c10000,0x0000000019d10000] [id=14108]

VM state:not at safepoint (normal execution)

VM Mutex/Monitor currently owned by a thread: None

Heap:
 PSYoungGen      total 619520K, used 452326K [0x00000000d5d00000, 0x00000000fc580000, 0x0000000100000000)
  eden space 607744K, 74% used [0x00000000d5d00000,0x00000000f1559a68,0x00000000fae80000)
  from space 11776K, 11% used [0x00000000fae80000,0x00000000fafe0000,0x00000000fba00000)
  to   space 10752K, 0% used [0x00000000fbb00000,0x00000000fbb00000,0x00000000fc580000)
 ParOldGen       total 56320K, used 43099K [0x0000000081600000, 0x0000000084d00000, 0x00000000d5d00000)
  object space 56320K, 76% used [0x0000000081600000,0x0000000084016f60,0x0000000084d00000)
 Metaspace       used 27233K, capacity 28826K, committed 29056K, reserved 1075200K
  class space    used 3433K, capacity 4205K, committed 4224K, reserved 1048576K

Card table byte_map: [0x0000000012680000,0x0000000012a80000] byte_map_base: 0x0000000012275000

Marking Bits: (ParMarkBitMap*) 0x000000006e9d08c0
 Begin Bits: [0x0000000013130000, 0x00000000150d8000)
 End Bits:   [0x00000000150d8000, 0x0000000017080000)

Polling page: 0x0000000001470000

CodeCache: size=245760Kb used=8662Kb max_used=11095Kb free=237097Kb
 bounds [0x00000000032c0000, 0x0000000003db0000, 0x00000000122c0000]
 total_blobs=3100 nmethods=2526 adapters=485
 compilation: enabled

Compilation events (10 events):
Event: 5.162 Thread 0x0000000017e7b800 3016       1       java.util.ServiceLoader::access$400 (5 bytes)
Event: 5.162 Thread 0x0000000017e7b800 nmethod 3016 0x00000000035cc590 code [0x00000000035cc6e0, 0x00000000035cc7d0]
Event: 5.162 Thread 0x0000000017e7b800 3017       1       java.util.ServiceLoader::access$800 (5 bytes)
Event: 5.162 Thread 0x0000000017e7b800 nmethod 3017 0x00000000035e0850 code [0x00000000035e09a0, 0x00000000035e0a90]
Event: 5.162 Thread 0x0000000017e7b800 3018       1       java.util.ServiceLoader::access$500 (5 bytes)
Event: 5.162 Thread 0x0000000017e7b800 nmethod 3018 0x0000000003643fd0 code [0x0000000003644120, 0x0000000003644210]
Event: 5.162 Thread 0x0000000017e7b800 3019       3       java.io.File::getAbsolutePath (8 bytes)
Event: 5.162 Thread 0x0000000017e7b800 nmethod 3019 0x0000000003561e10 code [0x0000000003561f80, 0x0000000003562128]
Event: 5.162 Thread 0x0000000017e7b800 3020       3       com.sun.org.apache.xerces.internal.util.URI::isSchemeCharacter (23 bytes)
Event: 5.163 Thread 0x0000000017e7b800 nmethod 3020 0x00000000034c9e10 code [0x00000000034c9f80, 0x00000000034ca170]

GC Heap History (10 events):
Event: 4.930 GC heap before
{Heap before GC invocations=22 (full 1):
 PSYoungGen      total 618496K, used 609824K [0x00000000d5d00000, 0x00000000fc580000, 0x0000000100000000)
  eden space 607744K, 100% used [0x00000000d5d00000,0x00000000fae80000,0x00000000fae80000)
  from space 10752K, 19% used [0x00000000fbb00000,0x00000000fbd08000,0x00000000fc580000)
  to   space 11776K, 0% used [0x00000000fae80000,0x00000000fae80000,0x00000000fba00000)
 ParOldGen       total 56320K, used 39651K [0x0000000081600000, 0x0000000084d00000, 0x00000000d5d00000)
  object space 56320K, 70% used [0x0000000081600000,0x0000000083cb8f60,0x0000000084d00000)
 Metaspace       used 27222K, capacity 28826K, committed 29056K, reserved 1075200K
  class space    used 3433K, capacity 4205K, committed 4224K, reserved 1048576K
Event: 4.932 GC heap after
Heap after GC invocations=22 (full 1):
 PSYoungGen      total 619520K, used 2112K [0x00000000d5d00000, 0x00000000fc580000, 0x0000000100000000)
  eden space 607744K, 0% used [0x00000000d5d00000,0x00000000d5d00000,0x00000000fae80000)
  from space 11776K, 17% used [0x00000000fae80000,0x00000000fb090000,0x00000000fba00000)
  to   space 10752K, 0% used [0x00000000fbb00000,0x00000000fbb00000,0x00000000fc580000)
 ParOldGen       total 56320K, used 40339K [0x0000000081600000, 0x0000000084d00000, 0x00000000d5d00000)
  object space 56320K, 71% used [0x0000000081600000,0x0000000083d64f60,0x0000000084d00000)
 Metaspace       used 27222K, capacity 28826K, committed 29056K, reserved 1075200K
  class space    used 3433K, capacity 4205K, committed 4224K, reserved 1048576K
}
Event: 4.969 GC heap before
{Heap before GC invocations=23 (full 1):
 PSYoungGen      total 619520K, used 609856K [0x00000000d5d00000, 0x00000000fc580000, 0x0000000100000000)
  eden space 607744K, 100% used [0x00000000d5d00000,0x00000000fae80000,0x00000000fae80000)
  from space 11776K, 17% used [0x00000000fae80000,0x00000000fb090000,0x00000000fba00000)
  to   space 10752K, 0% used [0x00000000fbb00000,0x00000000fbb00000,0x00000000fc580000)
 ParOldGen       total 56320K, used 40339K [0x0000000081600000, 0x0000000084d00000, 0x00000000d5d00000)
  object space 56320K, 71% used [0x0000000081600000,0x0000000083d64f60,0x0000000084d00000)
 Metaspace       used 27222K, capacity 28826K, committed 29056K, reserved 1075200K
  class space    used 3433K, capacity 4205K, committed 4224K, reserved 1048576K
Event: 4.971 GC heap after
Heap after GC invocations=23 (full 1):
 PSYoungGen      total 618496K, used 2144K [0x00000000d5d00000, 0x00000000fc580000, 0x0000000100000000)
  eden space 607744K, 0% used [0x00000000d5d00000,0x00000000d5d00000,0x00000000fae80000)
  from space 10752K, 19% used [0x00000000fbb00000,0x00000000fbd18000,0x00000000fc580000)
  to   space 11776K, 0% used [0x00000000fae80000,0x00000000fae80000,0x00000000fba00000)
 ParOldGen       total 56320K, used 41027K [0x0000000081600000, 0x0000000084d00000, 0x00000000d5d00000)
  object space 56320K, 72% used [0x0000000081600000,0x0000000083e10f60,0x0000000084d00000)
 Metaspace       used 27222K, capacity 28826K, committed 29056K, reserved 1075200K
  class space    used 3433K, capacity 4205K, committed 4224K, reserved 1048576K
}
Event: 5.005 GC heap before
{Heap before GC invocations=24 (full 1):
 PSYoungGen      total 618496K, used 609888K [0x00000000d5d00000, 0x00000000fc580000, 0x0000000100000000)
  eden space 607744K, 100% used [0x00000000d5d00000,0x00000000fae80000,0x00000000fae80000)
  from space 10752K, 19% used [0x00000000fbb00000,0x00000000fbd18000,0x00000000fc580000)
  to   space 11776K, 0% used [0x00000000fae80000,0x00000000fae80000,0x00000000fba00000)
 ParOldGen       total 56320K, used 41027K [0x0000000081600000, 0x0000000084d00000, 0x00000000d5d00000)
  object space 56320K, 72% used [0x0000000081600000,0x0000000083e10f60,0x0000000084d00000)
 Metaspace       used 27223K, capacity 28826K, committed 29056K, reserved 1075200K
  class space    used 3433K, capacity 4205K, committed 4224K, reserved 1048576K
Event: 5.007 GC heap after
Heap after GC invocations=24 (full 1):
 PSYoungGen      total 619520K, used 2176K [0x00000000d5d00000, 0x00000000fc580000, 0x0000000100000000)
  eden space 607744K, 0% used [0x00000000d5d00000,0x00000000d5d00000,0x00000000fae80000)
  from space 11776K, 18% used [0x00000000fae80000,0x00000000fb0a0000,0x00000000fba00000)
  to   space 10752K, 0% used [0x00000000fbb00000,0x00000000fbb00000,0x00000000fc580000)
 ParOldGen       total 56320K, used 41715K [0x0000000081600000, 0x0000000084d00000, 0x00000000d5d00000)
  object space 56320K, 74% used [0x0000000081600000,0x0000000083ebcf60,0x0000000084d00000)
 Metaspace       used 27223K, capacity 28826K, committed 29056K, reserved 1075200K
  class space    used 3433K, capacity 4205K, committed 4224K, reserved 1048576K
}
Event: 5.046 GC heap before
{Heap before GC invocations=25 (full 1):
 PSYoungGen      total 619520K, used 609920K [0x00000000d5d00000, 0x00000000fc580000, 0x0000000100000000)
  eden space 607744K, 100% used [0x00000000d5d00000,0x00000000fae80000,0x00000000fae80000)
  from space 11776K, 18% used [0x00000000fae80000,0x00000000fb0a0000,0x00000000fba00000)
  to   space 10752K, 0% used [0x00000000fbb00000,0x00000000fbb00000,0x00000000fc580000)
 ParOldGen       total 56320K, used 41715K [0x0000000081600000, 0x0000000084d00000, 0x00000000d5d00000)
  object space 56320K, 74% used [0x0000000081600000,0x0000000083ebcf60,0x0000000084d00000)
 Metaspace       used 27225K, capacity 28826K, committed 29056K, reserved 1075200K
  class space    used 3433K, capacity 4205K, committed 4224K, reserved 1048576K
Event: 5.049 GC heap after
Heap after GC invocations=25 (full 1):
 PSYoungGen      total 618496K, used 2176K [0x00000000d5d00000, 0x00000000fc580000, 0x0000000100000000)
  eden space 607744K, 0% used [0x00000000d5d00000,0x00000000d5d00000,0x00000000fae80000)
  from space 10752K, 20% used [0x00000000fbb00000,0x00000000fbd20000,0x00000000fc580000)
  to   space 11776K, 0% used [0x00000000fae80000,0x00000000fae80000,0x00000000fba00000)
 ParOldGen       total 56320K, used 42411K [0x0000000081600000, 0x0000000084d00000, 0x00000000d5d00000)
  object space 56320K, 75% used [0x0000000081600000,0x0000000083f6af60,0x0000000084d00000)
 Metaspace       used 27225K, capacity 28826K, committed 29056K, reserved 1075200K
  class space    used 3433K, capacity 4205K, committed 4224K, reserved 1048576K
}
Event: 5.133 GC heap before
{Heap before GC invocations=26 (full 1):
 PSYoungGen      total 618496K, used 609920K [0x00000000d5d00000, 0x00000000fc580000, 0x0000000100000000)
  eden space 607744K, 100% used [0x00000000d5d00000,0x00000000fae80000,0x00000000fae80000)
  from space 10752K, 20% used [0x00000000fbb00000,0x00000000fbd20000,0x00000000fc580000)
  to   space 11776K, 0% used [0x00000000fae80000,0x00000000fae80000,0x00000000fba00000)
 ParOldGen       total 56320K, used 42411K [0x0000000081600000, 0x0000000084d00000, 0x00000000d5d00000)
  object space 56320K, 75% used [0x0000000081600000,0x0000000083f6af60,0x0000000084d00000)
 Metaspace       used 27225K, capacity 28826K, committed 29056K, reserved 1075200K
  class space    used 3433K, capacity 4205K, committed 4224K, reserved 1048576K
Event: 5.135 GC heap after
Heap after GC invocations=26 (full 1):
 PSYoungGen      total 619520K, used 1408K [0x00000000d5d00000, 0x00000000fc580000, 0x0000000100000000)
  eden space 607744K, 0% used [0x00000000d5d00000,0x00000000d5d00000,0x00000000fae80000)
  from space 11776K, 11% used [0x00000000fae80000,0x00000000fafe0000,0x00000000fba00000)
  to   space 10752K, 0% used [0x00000000fbb00000,0x00000000fbb00000,0x00000000fc580000)
 ParOldGen       total 56320K, used 43099K [0x0000000081600000, 0x0000000084d00000, 0x00000000d5d00000)
  object space 56320K, 76% used [0x0000000081600000,0x0000000084016f60,0x0000000084d00000)
 Metaspace       used 27225K, capacity 28826K, committed 29056K, reserved 1075200K
  class space    used 3433K, capacity 4205K, committed 4224K, reserved 1048576K
}

Deoptimization events (10 events):
Event: 3.795 Thread 0x000000002256e800 Uncommon trap: reason=unstable_if action=reinterpret pc=0x0000000003bbb428 method=jp.ac.kobe_u.cs.cream.IntDomain.contains(I)Z @ 5
Event: 3.836 Thread 0x000000001a1d2000 Uncommon trap: reason=unstable_if action=reinterpret pc=0x0000000003ccf80c method=com.sun.org.apache.xerces.internal.impl.XMLScanner.resolveCharacter(Ljava/lang/String;Lcom/sun/org/apache/xerces/internal/util/XMLStringBuffer;)Z @ 49
Event: 4.048 Thread 0x000000001a1d2000 Uncommon trap: reason=unstable_if action=reinterpret pc=0x0000000003c5b3e0 method=com.sun.org.apache.xerces.internal.impl.XMLEntityScanner.scanLiteral(ILcom/sun/org/apache/xerces/internal/xni/XMLString;Z)I @ 134
Event: 4.048 Thread 0x000000001a1d2000 Uncommon trap: reason=unstable_if action=reinterpret pc=0x0000000003cf3304 method=com.sun.org.apache.xerces.internal.impl.XMLScanner.scanAttributeValue(Lcom/sun/org/apache/xerces/internal/xni/XMLString;Lcom/sun/org/apache/xerces/internal/xni/XMLString;Lja
Event: 4.048 Thread 0x000000001a1d2000 Uncommon trap: reason=unstable_if action=reinterpret pc=0x0000000003c7e384 method=com.sun.org.apache.xerces.internal.impl.XMLEntityScanner.scanChar(Lcom/sun/org/apache/xerces/internal/impl/XMLScanner$NameType;)I @ 59
Event: 4.105 Thread 0x000000001a1d2000 Uncommon trap: reason=unstable_if action=reinterpret pc=0x0000000003cffb84 method=com.st.microxplorer.mcu.IP.isRefParamDuplicated(Ljava/lang/String;Lcom/st/microxplorer/mcu/RefParameter;)Z @ 145
Event: 4.105 Thread 0x000000001a1d2000 Uncommon trap: reason=unstable_if action=reinterpret pc=0x0000000003cba090 method=com.st.microxplorer.mcu.IP.isRefParamDuplicated(Ljava/lang/String;Lcom/st/microxplorer/mcu/RefParameter;)Z @ 218
Event: 4.209 Thread 0x000000001a1d2000 Uncommon trap: reason=unstable_if action=reinterpret pc=0x0000000003ba17b4 method=com.altova.xml.TypeBase.getElementAt(Lcom/altova/typeinfo/MemberInfo;I)Lorg/w3c/dom/Node; @ 26
Event: 5.018 Thread 0x0000000021bb8000 Uncommon trap: reason=unstable_if action=reinterpret pc=0x0000000003cc0f30 method=java.util.regex.Pattern$LastNode.match(Ljava/util/regex/Matcher;ILjava/lang/CharSequence;)Z @ 5
Event: 5.019 Thread 0x0000000021bb8000 Uncommon trap: reason=unstable_if action=reinterpret pc=0x00000000033fab10 method=java.lang.String.split(Ljava/lang/String;I)[Ljava/lang/String; @ 8

Classes redefined (0 events):
No events

Internal exceptions (10 events):
Event: 4.326 Thread 0x000000001a1d2000 Implicit null exception at 0x0000000003c98bbe to 0x0000000003c98eaa
Event: 4.326 Thread 0x000000001a1d2000 Exception <a 'java/lang/NullPointerException'> (0x00000000d5dd6f48) thrown at [C:\re\workspace\8-2-build-windows-amd64-cygwin\jdk8u171\10807\hotspot\src\share\vm\runtime\sharedRuntime.cpp, line 605]
Event: 4.327 Thread 0x000000001a1d2000 Implicit null exception at 0x0000000003c98bbe to 0x0000000003c98eaa
Event: 4.327 Thread 0x000000001a1d2000 Exception <a 'java/lang/NullPointerException'> (0x00000000d5dd7d98) thrown at [C:\re\workspace\8-2-build-windows-amd64-cygwin\jdk8u171\10807\hotspot\src\share\vm\runtime\sharedRuntime.cpp, line 605]
Event: 4.327 Thread 0x000000001a1d2000 Implicit null exception at 0x0000000003c98bbe to 0x0000000003c98eaa
Event: 4.327 Thread 0x000000001a1d2000 Exception <a 'java/lang/NullPointerException'> (0x00000000d5dd8188) thrown at [C:\re\workspace\8-2-build-windows-amd64-cygwin\jdk8u171\10807\hotspot\src\share\vm\runtime\sharedRuntime.cpp, line 605]
Event: 5.019 Thread 0x0000000021bb8000 Exception <a 'java/io/IOException'> (0x00000000e0425b98) thrown at [C:\re\workspace\8-2-build-windows-amd64-cygwin\jdk8u171\10807\hotspot\src\share\vm\prims\jni.cpp, line 709]
Event: 5.019 Thread 0x0000000021bb8000 Exception <a 'java/io/IOException'> (0x00000000e0425e20) thrown at [C:\re\workspace\8-2-build-windows-amd64-cygwin\jdk8u171\10807\hotspot\src\share\vm\prims\jni.cpp, line 709]
Event: 5.019 Thread 0x0000000021bb8000 Exception <a 'java/io/IOException'> (0x00000000e0427888) thrown at [C:\re\workspace\8-2-build-windows-amd64-cygwin\jdk8u171\10807\hotspot\src\share\vm\prims\jni.cpp, line 709]
Event: 5.019 Thread 0x0000000021bb8000 Exception <a 'java/io/IOException'> (0x00000000e0427b10) thrown at [C:\re\workspace\8-2-build-windows-amd64-cygwin\jdk8u171\10807\hotspot\src\share\vm\prims\jni.cpp, line 709]

Events (10 events):
Event: 5.160 Thread 0x000000002256e800 Thread added: 0x000000002256e800
Event: 5.160 Thread 0x000000002256e800 Thread exited: 0x000000002256e800
Event: 5.160 Thread 0x000000002256e000 Thread added: 0x000000002256e000
Event: 5.160 Thread 0x000000002256e000 Thread exited: 0x000000002256e000
Event: 5.160 Thread 0x000000002256c800 Thread added: 0x000000002256c800
Event: 5.160 Thread 0x000000002256c800 Thread exited: 0x000000002256c800
Event: 5.160 Thread 0x000000002256c800 Thread added: 0x000000002256c800
Event: 5.160 Thread 0x000000002256c800 Thread exited: 0x000000002256c800
Event: 5.160 Thread 0x000000002256e800 Thread added: 0x000000002256e800
Event: 5.161 Thread 0x000000002256e800 Thread exited: 0x000000002256e800


Dynamic libraries:
0x00007ff63f9e0000 - 0x00007ff63fa17000 	C:\Program Files\Java\jre1.8.0_171\bin\javaw.exe
0x00007ff969c90000 - 0x00007ff969e71000 	C:\WINDOWS\SYSTEM32\ntdll.dll
0x00007ff969970000 - 0x00007ff969a22000 	C:\WINDOWS\System32\KERNEL32.DLL
0x00007ff966110000 - 0x00007ff966383000 	C:\WINDOWS\System32\KERNELBASE.dll
0x00007ff969510000 - 0x00007ff9695b1000 	C:\WINDOWS\System32\ADVAPI32.dll
0x00007ff969a30000 - 0x00007ff969ace000 	C:\WINDOWS\System32\msvcrt.dll
0x00007ff9678a0000 - 0x00007ff9678fb000 	C:\WINDOWS\System32\sechost.dll
0x00007ff9693c0000 - 0x00007ff9694e4000 	C:\WINDOWS\System32\RPCRT4.dll
0x00007ff969ad0000 - 0x00007ff969c60000 	C:\WINDOWS\System32\USER32.dll
0x00007ff966e20000 - 0x00007ff966e40000 	C:\WINDOWS\System32\win32u.dll
0x00007ff9690e0000 - 0x00007ff969108000 	C:\WINDOWS\System32\GDI32.dll
0x00007ff966510000 - 0x00007ff9666a2000 	C:\WINDOWS\System32\gdi32full.dll
0x00007ff966e40000 - 0x00007ff966edf000 	C:\WINDOWS\System32\msvcp_win.dll
0x00007ff966390000 - 0x00007ff96648a000 	C:\WINDOWS\System32\ucrtbase.dll
0x00007ff95dd80000 - 0x00007ff95dfe9000 	C:\WINDOWS\WinSxS\amd64_microsoft.windows.common-controls_6595b64144ccf1df_6.0.17134.285_none_fb4297e330656775\COMCTL32.dll
0x00007ff967120000 - 0x00007ff967443000 	C:\WINDOWS\System32\combase.dll
0x00007ff966490000 - 0x00007ff96650a000 	C:\WINDOWS\System32\bcryptPrimitives.dll
0x00007ff969200000 - 0x00007ff96922d000 	C:\WINDOWS\System32\IMM32.DLL
0x00000000769a0000 - 0x0000000076a72000 	C:\Program Files\Java\jre1.8.0_171\bin\msvcr100.dll
0x000000006e1b0000 - 0x000000006ea50000 	C:\Program Files\Java\jre1.8.0_171\bin\server\jvm.dll
0x00007ff9692e0000 - 0x00007ff9692e8000 	C:\WINDOWS\System32\PSAPI.DLL
0x00007ff953190000 - 0x00007ff953199000 	C:\WINDOWS\SYSTEM32\WSOCK32.dll
0x00007ff960250000 - 0x00007ff96025a000 	C:\WINDOWS\SYSTEM32\VERSION.dll
0x00007ff964030000 - 0x00007ff964053000 	C:\WINDOWS\SYSTEM32\WINMM.dll
0x00007ff9692f0000 - 0x00007ff96935c000 	C:\WINDOWS\System32\WS2_32.dll
0x00007ff964000000 - 0x00007ff96402a000 	C:\WINDOWS\SYSTEM32\winmmbase.dll
0x00007ff9670d0000 - 0x00007ff967119000 	C:\WINDOWS\System32\cfgmgr32.dll
0x0000000076990000 - 0x000000007699f000 	C:\Program Files\Java\jre1.8.0_171\bin\verify.dll
0x0000000075e20000 - 0x0000000075e49000 	C:\Program Files\Java\jre1.8.0_171\bin\java.dll
0x0000000075e00000 - 0x0000000075e16000 	C:\Program Files\Java\jre1.8.0_171\bin\zip.dll
0x00007ff967c00000 - 0x00007ff969040000 	C:\WINDOWS\System32\SHELL32.dll
0x00007ff969230000 - 0x00007ff9692d9000 	C:\WINDOWS\System32\shcore.dll
0x00007ff966710000 - 0x00007ff966e1d000 	C:\WINDOWS\System32\windows.storage.dll
0x00007ff969360000 - 0x00007ff9693b1000 	C:\WINDOWS\System32\shlwapi.dll
0x00007ff966000000 - 0x00007ff966011000 	C:\WINDOWS\System32\kernel.appcore.dll
0x00007ff966040000 - 0x00007ff96605f000 	C:\WINDOWS\System32\profapi.dll
0x00007ff965fb0000 - 0x00007ff965ffc000 	C:\WINDOWS\System32\powrprof.dll
0x00007ff965fa0000 - 0x00007ff965faa000 	C:\WINDOWS\System32\FLTLIB.DLL
0x0000000076980000 - 0x000000007698d000 	C:\Program Files\Java\jre1.8.0_171\bin\management.dll
0x000000006e010000 - 0x000000006e1a8000 	C:\Program Files\Java\jre1.8.0_171\bin\awt.dll
0x00007ff969830000 - 0x00007ff9698f2000 	C:\WINDOWS\System32\OLEAUT32.dll
0x00007ff964120000 - 0x00007ff9641ab000 	C:\WINDOWS\SYSTEM32\apphelp.dll
0x00007ff964360000 - 0x00007ff9643f8000 	C:\WINDOWS\system32\uxtheme.dll
0x00007ff9696b0000 - 0x00007ff969825000 	C:\WINDOWS\System32\MSCTF.dll
0x00007ff964670000 - 0x00007ff964699000 	C:\WINDOWS\system32\dwmapi.dll
0x00007ff967900000 - 0x00007ff967a51000 	C:\WINDOWS\System32\ole32.dll
0x00007ff958070000 - 0x00007ff958190000 	C:\WINDOWS\system32\opengl32.dll
0x00007ff959500000 - 0x00007ff95952c000 	C:\WINDOWS\SYSTEM32\GLU32.dll
0x00007ff91c500000 - 0x00007ff91c697000 	C:\WINDOWS\system32\d3d9.dll
0x00007ff95ffe0000 - 0x00007ff9600ca000 	C:\WINDOWS\System32\DriverStore\FileRepository\nvle.inf_amd64_fcbf876c2536c2ec\nvldumdx.dll
0x00007ff966ee0000 - 0x00007ff9670c2000 	C:\WINDOWS\System32\crypt32.dll
0x00007ff966020000 - 0x00007ff966032000 	C:\WINDOWS\System32\MSASN1.dll
0x00007ff9666b0000 - 0x00007ff966707000 	C:\WINDOWS\System32\WINTRUST.DLL
0x00007ff9694f0000 - 0x00007ff96950d000 	C:\WINDOWS\System32\imagehlp.dll
0x00007ff965970000 - 0x00007ff965987000 	C:\WINDOWS\SYSTEM32\CRYPTSP.dll
0x00007ff9653a0000 - 0x00007ff9653d3000 	C:\WINDOWS\system32\rsaenh.dll
0x00007ff965aa0000 - 0x00007ff965ac5000 	C:\WINDOWS\SYSTEM32\bcrypt.dll
0x00007ff965990000 - 0x00007ff96599b000 	C:\WINDOWS\SYSTEM32\CRYPTBASE.dll
0x00007ff932020000 - 0x00007ff9331f6000 	C:\WINDOWS\System32\DriverStore\FileRepository\nvle.inf_amd64_fcbf876c2536c2ec\nvd3dumx.dll
0x0000000075db0000 - 0x0000000075df7000 	C:\Program Files\Java\jre1.8.0_171\bin\fontmanager.dll
0x0000000075d90000 - 0x0000000075daa000 	C:\Program Files\Java\jre1.8.0_171\bin\net.dll
0x00007ff9657c0000 - 0x00007ff965826000 	C:\WINDOWS\system32\mswsock.dll
0x0000000075d70000 - 0x0000000075d81000 	C:\Program Files\Java\jre1.8.0_171\bin\nio.dll
0x00007ff965ea0000 - 0x00007ff965ec8000 	C:\WINDOWS\SYSTEM32\USERENV.dll
0x00007ff965540000 - 0x00007ff965578000 	C:\WINDOWS\SYSTEM32\IPHLPAPI.DLL
0x00007ff969170000 - 0x00007ff969178000 	C:\WINDOWS\System32\NSI.dll
0x00007ff95f680000 - 0x00007ff95f696000 	C:\WINDOWS\SYSTEM32\dhcpcsvc6.DLL
0x00007ff95fc40000 - 0x00007ff95fc5a000 	C:\WINDOWS\SYSTEM32\dhcpcsvc.DLL
0x0000000075d20000 - 0x0000000075d62000 	C:\Program Files\Java\jre1.8.0_171\bin\t2k.dll
0x0000000075ce0000 - 0x0000000075d11000 	C:\Program Files\Java\jre1.8.0_171\bin\jpeg.dll
0x00007ff969040000 - 0x00007ff9690e0000 	C:\WINDOWS\System32\clbcatq.dll
0x00007ff95f8a0000 - 0x00007ff95fa4e000 	C:\WINDOWS\SYSTEM32\WindowsCodecs.dll
0x00007ff94d700000 - 0x00007ff94d758000 	C:\WINDOWS\system32\dataexchange.dll
0x00007ff963470000 - 0x00007ff96377b000 	C:\WINDOWS\system32\d3d11.dll
0x00007ff963890000 - 0x00007ff963a2c000 	C:\WINDOWS\system32\dcomp.dll
0x00007ff964b20000 - 0x00007ff964bdb000 	C:\WINDOWS\system32\dxgi.dll
0x00007ff964430000 - 0x00007ff9645e8000 	C:\WINDOWS\system32\twinapi.appcore.dll
0x00007ff9646a0000 - 0x00007ff9646c1000 	C:\WINDOWS\system32\RMCLIENT.dll
0x00007ff95d360000 - 0x00007ff95d3f7000 	C:\WINDOWS\System32\TextInputFramework.dll
0x00007ff95edd0000 - 0x00007ff95f0ee000 	C:\WINDOWS\System32\CoreUIComponents.dll
0x00007ff963dc0000 - 0x00007ff963e9a000 	C:\WINDOWS\System32\CoreMessaging.dll
0x00007ff9650c0000 - 0x00007ff9650f1000 	C:\WINDOWS\SYSTEM32\ntmarta.dll
0x00007ff961df0000 - 0x00007ff961f3d000 	C:\WINDOWS\SYSTEM32\wintypes.dll
0x00007ff92ff90000 - 0x00007ff930176000 	C:\WINDOWS\system32\sogoutsf.ime
0x00007ff960500000 - 0x00007ff960507000 	C:\WINDOWS\system32\MSIMG32.dll
0x00007ff923e60000 - 0x00007ff9246c5000 	C:\WINDOWS\system32\SogouPy.ime
0x00007ff961870000 - 0x00007ff96194c000 	C:\WINDOWS\SYSTEM32\WINHTTP.dll
0x00007ff962790000 - 0x00007ff9627fb000 	C:\WINDOWS\SYSTEM32\OLEACC.dll
0x0000000024820000 - 0x000000002492f000 	C:\Program Files (x86)\SogouInput\9.1.0.2674\Resource.dll
0x00007ff92dd50000 - 0x00007ff92dfb8000 	C:\Program Files (x86)\SogouInput\Components\PicFace\1.1.0.1835\PicFace64.dll
0x00007ff9695c0000 - 0x00007ff9696ad000 	C:\WINDOWS\System32\COMDLG32.dll

VM Arguments:
java_command: com.st.microxplorer.maingui.STM32CubeMX D:\MEMS_STM32F767VITx_16495\MEMS_STM32F767VITx_IMU100N.ioc
java_class_path (initial): C:\Program Files\STMicroelectronics\STM32Cube\STM32CubeMX\STM32CubeMX.exe;anything
Launcher Type: SUN_STANDARD

Environment Variables:
PATH=C:\Program Files\STMicroelectronics\STM32Cube\STM32CubeMX\;C:\Program Files (x86)\Common Files\Oracle\Java\javapath;C:\ProgramData\Oracle\Java\javapath;C:\Program Files (x86)\Intel\iCLS Client\;C:\Program Files\Intel\iCLS Client\;C:\Windows\system32;C:\Windows;C:\Windows\System32\Wbem;C:\Windows\System32\WindowsPowerShell\v1.0\;C:\Program Files (x86)\Intel\Intel(R) Management Engine Components\DAL;C:\Program Files\Intel\Intel(R) Management Engine Components\DAL;C:\Program Files (x86)\Intel\Intel(R) Management Engine Components\IPT;C:\Program Files\Intel\Intel(R) Management Engine Components\IPT;C:\Program Files (x86)\NVIDIA Corporation\PhysX\Common;C:\WINDOWS\system32;C:\WINDOWS;C:\WINDOWS\System32\Wbem;C:\WINDOWS\System32\WindowsPowerShell\v1.0\;D:\Program Files\MATLAB\runtime\win64;D:\Program Files\MATLAB\bin;C:\Program Files (x86)\STMicroelectronics\STM32 ST-LINK Utility\ST-LINK Utility;d:\Program Files\Git\cmd;C:\WINDOWS\System32\OpenSSH\;D:\Program Files\TortoiseGit\bin;C:\Users\18612\AppData\Local\Microsoft\WindowsApps;;C:\Program Files\Java\jre1.8.0_171\bin
USERNAME=18612
OS=Windows_NT
PROCESSOR_IDENTIFIER=Intel64 Family 6 Model 158 Stepping 9, GenuineIntel



---------------  S Y S T E M  ---------------

OS: Windows 10.0 , 64 bit Build 17134 (10.0.17134.1)

CPU:total 4 (initial active 4) (4 cores per cpu, 1 threads per core) family 6 model 158 stepping 9, cmov, cx8, fxsr, mmx, sse, sse2, sse3, ssse3, sse4.1, sse4.2, popcnt, avx, avx2, aes, clmul, erms, 3dnowpref, lzcnt, tsc, tscinvbit, bmi1, bmi2, adx

Memory: 4k page, physical 8293876k(1574596k free), swap 8293876k(4272k free)

vm_info: Java HotSpot(TM) 64-Bit Server VM (25.171-b11) for windows-amd64 JRE (1.8.0_171-b11), built on Mar 28 2018 16:06:12 by "java_re" with MS VC++ 10.0 (VS2010)

time: Wed Nov 28 14:49:37 2018
elapsed time: 5 seconds (0d 0h 0m 5s)

